From <strong>Slaven Rezić (SREZIC)</strong>
Subject: <strong>PASS App-PlatformInfo-0.003 5.22.2 GNU/Linux</strong>
Date: <strong>2020-10-07T11:41:42Z</strong>

This distribution has been tested as part of the CPAN Testers
project, supporting the Perl programming language.  See
http://wiki.cpantesters.org/ for more information or email
questions to cpan-testers-discuss@perl.org


--
Dear perlancar,

This is a computer-generated report for App-PlatformInfo-0.003
on perl 5.22.2, created by CPAN-Reporter-1.2018.

Thank you for uploading your work to CPAN.  Congratulations!
All tests were successful.

Sections of this report:

    * Tester comments
    * Program output
    * Prerequisites
    * Environment and other context

------------------------------
TESTER COMMENTS
------------------------------

Additional comments from tester:

none provided

------------------------------
PROGRAM OUTPUT
------------------------------

Output from '/usr/bin/make test':

PERL_DL_NONLAZY=1 "/opt/perl-5.22.2/bin/perl" "-MExtUtils::Command::MM" "-MTest::Harness" "-e" "undef *Test::Harness::Switches; test_harness(0, 'blib/lib', 'blib/arch')" t/*.t
t/00-compile.t ........... ok
# Output of platform-info: {
#   'archname' => 'x86_64',
#   'codename' => 'wheezy',
#   'is32bit' => 0,
#   'is64bit' => 1,
#   'kernel' => 'linux-3.2.0-4-amd64',
#   'kname' => 'Linux',
#   'kvers' => '3.2.0-4-amd64',
#   'osflag' => 'linux',
#   'oslabel' => 'Debian',
#   'osname' => 'GNU/Linux',
#   'osvers' => '7.11',
#   'source' => {
#                 'cat /etc/.issue' => '',
#                 'cat /etc/issue' => 'Debian GNU/Linux 7 \\n \\l',
#                 'lsb_release -a' => 'Distributor ID:	Debian
# Description:	Debian GNU/Linux 7.11 (wheezy)
# Release:	7.11
# Codename:	wheezy',
#                 'uname -a' => 'Linux cvrsnica-wheezy 3.2.0-4-amd64 #1 SMP Debian 3.2.82-1 x86_64 GNU/Linux',
#                 'uname -m' => 'x86_64',
#                 'uname -o' => 'GNU/Linux',
#                 'uname -r' => '3.2.0-4-amd64',
#                 'uname -s' => 'Linux'
#               }
# }
t/01-basic.t ............. ok
t/author-critic.t ........ skipped: these tests are for testing by the author
t/author-pod-coverage.t .. skipped: these tests are for testing by the author
t/author-pod-syntax.t .... skipped: these tests are for testing by the author
All tests successful.
Files=5, Tests=3,  1 wallclock secs ( 0.01 usr  0.01 sys +  0.10 cusr  0.02 csys =  0.14 CPU)
Result: PASS

------------------------------
PREREQUISITES
------------------------------

Prerequisite modules loaded:

requires:

    Module               Need  Have    
    -------------------- ----- --------
    Data::Dumper         0     2.161   

build_requires:

    Module               Need  Have    
    -------------------- ----- --------
    ExtUtils::MakeMaker  0     7.24    
    File::Spec           0     3.62    
    FindBin              0     1.51    
    IO::Handle           0     1.35    
    IPC::Open3           0     1.18    
    IPC::System::Options 0.335 0.338   
    strict               0     1.09    
    Test::More           0.98  1.302052
    warnings             0     1.34    

configure_requires:

    Module               Need  Have    
    -------------------- ----- --------
    ExtUtils::MakeMaker  0     7.24    


------------------------------
ENVIRONMENT AND OTHER CONTEXT
------------------------------

Environment variables:

    LANG = en_US.UTF-8
    LANGUAGE = en_US:en
    LC_ALL = en_US.UTF-8
    PATH = /usr/local/bin:/usr/bin:/bin:/usr/local/sbin:/usr/sbin:/sbin:/home/cpansand/bin/linux-gnu:/home/cpansand/bin/sh:/home/cpansand/bin:/usr/games:/home/cpansand/devel:/home/eserte/src/srezic-misc/scripts
    PERL5LIB = /home/cpansand/.cpan/build/2020100713/IPC-System-Options-0.338-1/blib/arch:/home/cpansand/.cpan/build/2020100713/IPC-System-Options-0.338-1/blib/lib:/home/cpansand/.cpan/build/2020100713/File-Temp-0.2311-1/blib/arch:/home/cpansand/.cpan/build/2020100713/File-Temp-0.2311-1/blib/lib
    PERL5OPT = 
    PERL5_CPANPLUS_IS_RUNNING = 18581
    PERL5_CPAN_IS_RUNNING = 18581
    PERL5_CPAN_IS_RUNNING_IN_RECURSION = 17611,18581
    PERLDOC = -MPod::Perldoc::ToTextOverstrike
    PERL_BATCH = yes
    PERL_CANARY_STABILITY_NOPROMPT = 1
    PERL_CPAN_REPORTER_CONFIG = /var/tmp/cpansmoker-1023/2020100713/cpanreporter_000_config.ini
    PERL_EXTUTILS_AUTOINSTALL = --defaultdeps
    PERL_USE_UNSAFE_INC = 1
    SHELL = /bin/zsh
    TERM = screen
    TMPDIR = /var/tmp/cpansmoker-1023/2020100713

Perl special variables (and OS-specific diagnostics, for MSWin32):

    $^X = /opt/perl-5.22.2/bin/perl
    $UID/$EUID = 1023 / 1023
    $GID = 1023 1023
    $EGID = 1023 1023

Perl module toolchain versions installed:

    Module              Have    
    ------------------- --------
    CPAN                2.16    
    CPAN::Meta          2.150010
    Cwd                 3.62    
    ExtUtils::CBuilder  0.280221
    ExtUtils::Command   7.24    
    ExtUtils::Install   2.04    
    ExtUtils::MakeMaker 7.24    
    ExtUtils::Manifest  1.70    
    ExtUtils::ParseXS   3.28    
    File::Spec          3.62    
    JSON                2.90    
    JSON::PP            2.27300 
    Module::Build       0.4220  
    Module::Signature   0.81    
    Parse::CPAN::Meta   2.150010
    Test::Harness       3.35    
    Test::More          1.302052
    YAML                1.17    
    YAML::Syck          1.29    
    version             0.9917  


--

Summary of my perl5 (revision 5 version 22 subversion 2) configuration:
   
  Platform:
    osname=linux, osvers=3.2.0-4-amd64, archname=x86_64-linux
    uname='linux cvrsnica-wheezy 3.2.0-4-amd64 #1 smp debian 3.2.54-2 x86_64 gnulinux '
    config_args='-ds -e -Dprefix=/opt/perl-5.22.2 -Dcf_email=srezic@cpan.org'
    hint=recommended, useposix=true, d_sigaction=define
    useithreads=undef, usemultiplicity=undef
    use64bitint=define, use64bitall=define, uselongdouble=undef
    usemymalloc=n, bincompat5005=undef
  Compiler:
    cc='cc', ccflags ='-fwrapv -fno-strict-aliasing -pipe -fstack-protector -I/usr/local/include -D_LARGEFILE_SOURCE -D_FILE_OFFSET_BITS=64 -D_FORTIFY_SOURCE=2',
    optimize='-O2',
    cppflags='-fwrapv -fno-strict-aliasing -pipe -fstack-protector -I/usr/local/include'
    ccversion='', gccversion='4.7.2', gccosandvers=''
    intsize=4, longsize=8, ptrsize=8, doublesize=8, byteorder=12345678, doublekind=3
    d_longlong=define, longlongsize=8, d_longdbl=define, longdblsize=16, longdblkind=3
    ivtype='long', ivsize=8, nvtype='double', nvsize=8, Off_t='off_t', lseeksize=8
    alignbytes=8, prototype=define
  Linker and Libraries:
    ld='cc', ldflags =' -fstack-protector -L/usr/local/lib'
    libpth=/usr/local/lib /usr/lib/gcc/x86_64-linux-gnu/4.7/include-fixed /usr/include/x86_64-linux-gnu /usr/lib /lib/x86_64-linux-gnu /lib/../lib /usr/lib/x86_64-linux-gnu /usr/lib/../lib /lib
    libs=-lpthread -lnsl -ldb -ldl -lm -lcrypt -lutil -lc
    perllibs=-lpthread -lnsl -ldl -lm -lcrypt -lutil -lc
    libc=libc-2.13.so, so=so, useshrplib=false, libperl=libperl.a
    gnulibc_version='2.13'
  Dynamic Linking:
    dlsrc=dl_dlopen.xs, dlext=so, d_dlsymun=undef, ccdlflags='-Wl,-E'
    cccdlflags='-fPIC', lddlflags='-shared -O2 -L/usr/local/lib -fstack-protector'


Characteristics of this binary (from libperl): 
  Compile-time options: HAS_TIMES PERLIO_LAYERS PERL_DONT_CREATE_GVSV
                        PERL_HASH_FUNC_ONE_AT_A_TIME_HARD PERL_MALLOC_WRAP
                        PERL_NEW_COPY_ON_WRITE PERL_PRESERVE_IVUV
                        USE_64_BIT_ALL USE_64_BIT_INT USE_LARGE_FILES
                        USE_LOCALE USE_LOCALE_COLLATE USE_LOCALE_CTYPE
                        USE_LOCALE_NUMERIC USE_LOCALE_TIME USE_PERLIO
                        USE_PERL_ATOF
  Built under linux
  Compiled at May 29 2016 23:41:57
  %ENV:
    PERL5LIB="/home/cpansand/.cpan/build/2020100713/IPC-System-Options-0.338-1/blib/arch:/home/cpansand/.cpan/build/2020100713/IPC-System-Options-0.338-1/blib/lib:/home/cpansand/.cpan/build/2020100713/File-Temp-0.2311-1/blib/arch:/home/cpansand/.cpan/build/2020100713/File-Temp-0.2311-1/blib/lib"
    PERL5OPT=""
    PERL5_CPANPLUS_IS_RUNNING="18581"
    PERL5_CPAN_IS_RUNNING="18581"
    PERL5_CPAN_IS_RUNNING_IN_RECURSION="17611,18581"
    PERLDOC="-MPod::Perldoc::ToTextOverstrike"
    PERL_BATCH="yes"
    PERL_CANARY_STABILITY_NOPROMPT="1"
    PERL_CPAN_REPORTER_CONFIG="/var/tmp/cpansmoker-1023/2020100713/cpanreporter_000_config.ini"
    PERL_EXTUTILS_AUTOINSTALL="--defaultdeps"
    PERL_USE_UNSAFE_INC="1"
  @INC:
    /home/cpansand/.cpan/build/2020100713/IPC-System-Options-0.338-1/blib/arch
    /home/cpansand/.cpan/build/2020100713/IPC-System-Options-0.338-1/blib/lib
    /home/cpansand/.cpan/build/2020100713/File-Temp-0.2311-1/blib/arch
    /home/cpansand/.cpan/build/2020100713/File-Temp-0.2311-1/blib/lib
    /opt/perl-5.22.2/lib/site_perl/5.22.2/x86_64-linux
    /opt/perl-5.22.2/lib/site_perl/5.22.2
    /opt/perl-5.22.2/lib/5.22.2/x86_64-linux
    /opt/perl-5.22.2/lib/5.22.2
    .
</pre>

        </main>

        <footer>
            <p>
            CPAN::Testers::Web v0.001 is powered by <a href="http://mojolicious.org">Mojolicious</a><br />
            All data and statistics are copyright © 1999-2018 CPAN Testers, and available under the <a href="https://opensource.org/licenses/Artistic-2.0">Artistic License 2.0</a>. Comments and design patches to admin@cpantesters.org.
            </p>

            <p>
            The CPAN Testers Family: <br />
              <a href="http://blog.cpantesters.org"     title="CPAN Testers Blog"       >Blog</a>         •
              <a href="http://www.cpantesters.org"      title="CPAN Testers Reports"    >Reports</a>      •
              <a href="http://wiki.cpantesters.org"     title="CPAN Testers Wiki"       >Wiki</a>         •
              <a href="http://stats.cpantesters.org"    title="CPAN Testers Statistics" >Statistics</a>   •
              <a href="http://pass.cpantesters.org"     title="CPAN Testers PASS Matrix">PASS Matrix</a>  •
              <a href="http://prefs.cpantesters.org"    title="CPAN Testers Preferences">Preferences</a>  •
              <a href="http://metabase.cpantesters.org" title="CPAN Testers Metabase"   >Metabase</a>     •
              <a href="http://devel.cpantesters.org"    title="CPAN Testers Development">Development</a>  •
              <a href="http://deps.cpantesters.org"     title="CPAN Dependencies"       >Dependencies</a> •
              <a href="http://matrix.cpantesters.org"   title="CPAN Testers Matrix"     >Matrix</a>       •
              <a href="http://analysis.cpantesters.org" title="CPAN Testers Analysis"   >Analysis</a>     •
              <a href="http://admin.cpantesters.org"    title="CPAN Testers Admin"      >Admin</a>
            </p>
            <p>
            CPAN Testers, supporting the Perl programming language since 1999.
            </p>
        </footer>

    </body>
</html>
