From <strong>Slaven Rezić (SREZIC)</strong>
Subject: <strong>PASS App-PlatformInfo-0.003 5.26.3 FreeBSD</strong>
Date: <strong>2020-10-07T11:31:44Z</strong>

This distribution has been tested as part of the CPAN Testers
project, supporting the Perl programming language.  See
http://wiki.cpantesters.org/ for more information or email
questions to cpan-testers-discuss@perl.org


--
Dear perlancar,

This is a computer-generated report for App-PlatformInfo-0.003
on perl 5.26.3, created by CPAN-Reporter-1.2018.

Thank you for uploading your work to CPAN.  Congratulations!
All tests were successful.

Sections of this report:

    * Tester comments
    * Program output
    * Prerequisites
    * Environment and other context

------------------------------
TESTER COMMENTS
------------------------------

Additional comments from tester:

none provided

------------------------------
PROGRAM OUTPUT
------------------------------

Output from '/usr/bin/make test':

PERL_DL_NONLAZY=1 "/usr/perl5.26.3p/bin/perl" "-MExtUtils::Command::MM" "-MTest::Harness" "-e" "undef *Test::Harness::Switches; test_harness(0, 'blib/lib', 'blib/arch')" t/*.t
t/00-compile.t ........... ok
# Output of platform-info: {
#   'archname' => 'amd64',
#   'is32bit' => 0,
#   'is64bit' => 1,
#   'kernel' => 'freebsd-12.2-stable',
#   'kname' => 'FreeBSD',
#   'kvers' => '12.2-stable',
#   'osflag' => 'freebsd',
#   'oslabel' => 'FreeBSD',
#   'osname' => 'FreeBSD',
#   'osvers' => '12.2-stable',
#   'source' => {
#                 'uname -a' => 'FreeBSD cloud1.bbbike.org 12.2-STABLE FreeBSD 12.2-STABLE bff1456b880(stable/12) GENERIC  amd64',
#                 'uname -m' => 'amd64',
#                 'uname -mrr' => '12.2-STABLE amd64',
#                 'uname -o' => 'FreeBSD',
#                 'uname -r' => '12.2-STABLE',
#                 'uname -s' => 'FreeBSD'
#               }
# }
t/01-basic.t ............. ok
t/author-critic.t ........ skipped: these tests are for testing by the author
t/author-pod-coverage.t .. skipped: these tests are for testing by the author
t/author-pod-syntax.t .... skipped: these tests are for testing by the author
All tests successful.
Files=5, Tests=3,  0 wallclock secs ( 0.04 usr  0.00 sys +  0.16 cusr  0.08 csys =  0.28 CPU)
Result: PASS

------------------------------
PREREQUISITES
------------------------------

Prerequisite modules loaded:

requires:

    Module               Need  Have    
    -------------------- ----- --------
    Data::Dumper         0     2.173   

build_requires:

    Module               Need  Have    
    -------------------- ----- --------
    ExtUtils::MakeMaker  0     7.42    
    File::Spec           0     3.75    
    FindBin              0     1.51    
    IO::Handle           0     1.42    
    IPC::Open3           0     1.20    
    IPC::System::Options 0.335 0.336   
    strict               0     1.11    
    Test::More           0.98  1.302182
    warnings             0     1.37    

configure_requires:

    Module               Need  Have    
    -------------------- ----- --------
    ExtUtils::MakeMaker  0     7.42    


------------------------------
ENVIRONMENT AND OTHER CONTEXT
------------------------------

Environment variables:

    PATH = /usr/local/bin:/usr/bin:/bin:/usr/local/sbin:/usr/sbin:/sbin:/home/cpansand/bin/sh:/home/cpansand/bin:/usr/games:/home/cpansand/devel:/usr/home/eserte/src/srezic-misc/scripts
    PERL5LIB = 
    PERL5OPT = 
    PERL5_CPANPLUS_IS_RUNNING = 75665
    PERL5_CPAN_IS_RUNNING = 75665
    PERL5_CPAN_IS_RUNNING_IN_RECURSION = 75168,75665
    PERL_BATCH = yes
    PERL_CANARY_STABILITY_NOPROMPT = 1
    PERL_CPAN_REPORTER_CONFIG = /var/tmp/cpansmoker-1023/2020100711/cpanreporter_000_config.ini
    PERL_EXTUTILS_AUTOINSTALL = --defaultdeps
    PERL_USE_UNSAFE_INC = 1
    SHELL = /bin/sh
    TMPDIR = /var/tmp/cpansmoker-1023/2020100711

Perl special variables (and OS-specific diagnostics, for MSWin32):

    $^X = /usr/perl5.26.3p/bin/perl
    $UID/$EUID = 1023 / 1023
    $GID = 1023 1023
    $EGID = 1023 1023

Perl module toolchain versions installed:

    Module              Have    
    ------------------- --------
    CPAN                2.27    
    CPAN::Meta          2.150010
    Cwd                 3.75    
    ExtUtils::CBuilder  0.280231
    ExtUtils::Command   7.42    
    ExtUtils::Install   2.18    
    ExtUtils::MakeMaker 7.42    
    ExtUtils::Manifest  1.70    
    ExtUtils::ParseXS   3.35    
    File::Spec          3.75    
    JSON                4.02    
    JSON::PP            4.05    
    Module::Build       0.4231  
    Module::Signature   0.86    
    Parse::CPAN::Meta   2.150010
    Test::Harness       3.42    
    Test::More          1.302182
    YAML                1.30    
    YAML::Syck          1.32    
    version             0.9924  


--

Summary of my perl5 (revision 5 version 26 subversion 3) configuration:
   
  Platform:
    osname=freebsd
    osvers=12.0-prerelease
    archname=amd64-freebsd
    uname='freebsd cloud1.bbbike.org 12.0-prerelease freebsd 12.0-prerelease ad6e056e343(stable12) generic amd64 '
    config_args='-ds -e -Dprefix=/usr/perl5.26.3p -Dcf_email=srezic@cpan.org -Dnoextensions=GDBM_File -Doptimize=-O2 -pipe'
    hint=recommended
    useposix=true
    d_sigaction=define
    useithreads=undef
    usemultiplicity=undef
    use64bitint=define
    use64bitall=define
    uselongdouble=undef
    usemymalloc=n
    default_inc_excludes_dot=define
    bincompat5005=undef
  Compiler:
    cc='cc'
    ccflags ='-DHAS_FPSETMASK -DHAS_FLOATINGPOINT_H -fno-strict-aliasing -pipe -fstack-protector-strong -I/usr/local/include -D_FORTIFY_SOURCE=2'
    optimize='-O2 -pipe'
    cppflags='-DHAS_FPSETMASK -DHAS_FLOATINGPOINT_H -fno-strict-aliasing -pipe -fstack-protector-strong -I/usr/local/include'
    ccversion=''
    gccversion='4.2.1 Compatible FreeBSD Clang 6.0.1 (tags/RELEASE_601/final 335540)'
    gccosandvers=''
    intsize=4
    longsize=8
    ptrsize=8
    doublesize=8
    byteorder=12345678
    doublekind=3
    d_longlong=define
    longlongsize=8
    d_longdbl=define
    longdblsize=16
    longdblkind=3
    ivtype='long'
    ivsize=8
    nvtype='double'
    nvsize=8
    Off_t='off_t'
    lseeksize=8
    alignbytes=8
    prototype=define
  Linker and Libraries:
    ld='cc'
    ldflags ='-pthread -Wl,-E  -fstack-protector-strong -L/usr/local/lib'
    libpth=/usr/lib /usr/local/lib /usr/lib/clang/6.0.1/lib /usr/lib
    libs=-lpthread -lgdbm -ldl -lm -lcrypt -lutil -lc
    perllibs=-lpthread -ldl -lm -lcrypt -lutil -lc
    libc=
    so=so
    useshrplib=false
    libperl=libperl.a
    gnulibc_version=''
  Dynamic Linking:
    dlsrc=dl_dlopen.xs
    dlext=so
    d_dlsymun=undef
    ccdlflags=' '
    cccdlflags='-DPIC -fPIC'
    lddlflags='-shared  -L/usr/local/lib -fstack-protector-strong'


Characteristics of this binary (from libperl): 
  Compile-time options:
    HAS_TIMES
    PERLIO_LAYERS
    PERL_COPY_ON_WRITE
    PERL_DONT_CREATE_GVSV
    PERL_MALLOC_WRAP
    PERL_OP_PARENT
    PERL_PRESERVE_IVUV
    USE_64_BIT_ALL
    USE_64_BIT_INT
    USE_LARGE_FILES
    USE_LOCALE
    USE_LOCALE_COLLATE
    USE_LOCALE_CTYPE
    USE_LOCALE_NUMERIC
    USE_LOCALE_TIME
    USE_PERLIO
    USE_PERL_ATOF
  Built under freebsd
  Compiled at Nov 29 2018 20:59:10
  %ENV:
    PERL5LIB=""
    PERL5OPT=""
    PERL5_CPANPLUS_IS_RUNNING="75665"
    PERL5_CPAN_IS_RUNNING="75665"
    PERL5_CPAN_IS_RUNNING_IN_RECURSION="75168,75665"
    PERL_BATCH="yes"
    PERL_CANARY_STABILITY_NOPROMPT="1"
    PERL_CPAN_REPORTER_CONFIG="/var/tmp/cpansmoker-1023/2020100711/cpanreporter_000_config.ini"
    PERL_EXTUTILS_AUTOINSTALL="--defaultdeps"
    PERL_USE_UNSAFE_INC="1"
  @INC:
    /usr/perl5.26.3p/lib/site_perl/5.26.3/amd64-freebsd
    /usr/perl5.26.3p/lib/site_perl/5.26.3
    /usr/perl5.26.3p/lib/5.26.3/amd64-freebsd
    /usr/perl5.26.3p/lib/5.26.3
    .
</pre>

        </main>

        <footer>
            <p>
            CPAN::Testers::Web v0.001 is powered by <a href="http://mojolicious.org">Mojolicious</a><br />
            All data and statistics are copyright © 1999-2018 CPAN Testers, and available under the <a href="https://opensource.org/licenses/Artistic-2.0">Artistic License 2.0</a>. Comments and design patches to admin@cpantesters.org.
            </p>

            <p>
            The CPAN Testers Family: <br />
              <a href="http://blog.cpantesters.org"     title="CPAN Testers Blog"       >Blog</a>         •
              <a href="http://www.cpantesters.org"      title="CPAN Testers Reports"    >Reports</a>      •
              <a href="http://wiki.cpantesters.org"     title="CPAN Testers Wiki"       >Wiki</a>         •
              <a href="http://stats.cpantesters.org"    title="CPAN Testers Statistics" >Statistics</a>   •
              <a href="http://pass.cpantesters.org"     title="CPAN Testers PASS Matrix">PASS Matrix</a>  •
              <a href="http://prefs.cpantesters.org"    title="CPAN Testers Preferences">Preferences</a>  •
              <a href="http://metabase.cpantesters.org" title="CPAN Testers Metabase"   >Metabase</a>     •
              <a href="http://devel.cpantesters.org"    title="CPAN Testers Development">Development</a>  •
              <a href="http://deps.cpantesters.org"     title="CPAN Dependencies"       >Dependencies</a> •
              <a href="http://matrix.cpantesters.org"   title="CPAN Testers Matrix"     >Matrix</a>       •
              <a href="http://analysis.cpantesters.org" title="CPAN Testers Analysis"   >Analysis</a>     •
              <a href="http://admin.cpantesters.org"    title="CPAN Testers Admin"      >Admin</a>
            </p>
            <p>
            CPAN Testers, supporting the Perl programming language since 1999.
            </p>
        </footer>

    </body>
</html>
