From <strong>Slaven ReziÄ‡ (SREZIC)</strong>
Subject: <strong>PASS App-PlatformInfo-0.003 5.24.4 GNU/Linux</strong>
Date: <strong>2020-10-07T12:16:42Z</strong>

This distribution has been tested as part of the CPAN Testers
project, supporting the Perl programming language.  See
http://wiki.cpantesters.org/ for more information or email
questions to cpan-testers-discuss@perl.org


--
Dear perlancar,

This is a computer-generated report for App-PlatformInfo-0.003
on perl 5.24.4, created by CPAN-Reporter-1.2018.

Thank you for uploading your work to CPAN.  Congratulations!
All tests were successful.

Sections of this report:

    * Tester comments
    * Program output
    * Prerequisites
    * Environment and other context

------------------------------
TESTER COMMENTS
------------------------------

Additional comments from tester:

none provided

------------------------------
PROGRAM OUTPUT
------------------------------

Output from '/usr/bin/make test':

PERL_DL_NONLAZY=1 "/opt/perl-5.24.4D/bin/perl" "-MExtUtils::Command::MM" "-MTest::Harness" "-e" "undef *Test::Harness::Switches; test_harness(0, 'blib/lib', 'blib/arch')" t/*.t
t/00-compile.t ........... ok
# Output of platform-info: {
#   'archname' => 'x86_64',
#   'codename' => 'stretch',
#   'is32bit' => 0,
#   'is64bit' => 1,
#   'kernel' => 'linux-4.9.0-9-amd64',
#   'kname' => 'Linux',
#   'kvers' => '4.9.0-9-amd64',
#   'osflag' => 'linux',
#   'oslabel' => 'Debian',
#   'osname' => 'GNU/Linux',
#   'osvers' => '9.13',
#   'source' => {
#                 'cat /etc/.issue' => '',
#                 'cat /etc/issue' => 'Debian GNU/Linux 9 \\n \\l',
#                 'lsb_release -a' => 'Distributor ID:	Debian
# Description:	Debian GNU/Linux 9.13 (stretch)
# Release:	9.13
# Codename:	stretch',
#                 'uname -a' => 'Linux debian9 4.9.0-9-amd64 #1 SMP Debian 4.9.168-1+deb9u5 (2019-08-11) x86_64 GNU/Linux',
#                 'uname -m' => 'x86_64',
#                 'uname -o' => 'GNU/Linux',
#                 'uname -r' => '4.9.0-9-amd64',
#                 'uname -s' => 'Linux'
#               }
# }
t/01-basic.t ............. ok
t/author-critic.t ........ skipped: these tests are for testing by the author
t/author-pod-coverage.t .. skipped: these tests are for testing by the author
t/author-pod-syntax.t .... skipped: these tests are for testing by the author
All tests successful.
Files=5, Tests=3,  0 wallclock secs ( 0.02 usr  0.02 sys +  0.10 cusr  0.06 csys =  0.20 CPU)
Result: PASS

------------------------------
PREREQUISITES
------------------------------

Prerequisite modules loaded:

requires:

    Module               Need  Have    
    -------------------- ----- --------
    Data::Dumper         0     2.160   

build_requires:

    Module               Need  Have    
    -------------------- ----- --------
    ExtUtils::MakeMaker  0     7.10_02 
    File::Spec           0     3.63_01 
    FindBin              0     1.51    
    IO::Handle           0     1.36    
    IPC::Open3           0     1.20    
    IPC::System::Options 0.335 0.338   
    strict               0     1.11    
    Test::More           0.98  1.001014
    warnings             0     1.36    

configure_requires:

    Module               Need  Have    
    -------------------- ----- --------
    ExtUtils::MakeMaker  0     7.10_02 


------------------------------
ENVIRONMENT AND OTHER CONTEXT
------------------------------

Environment variables:

    LANG = C
    PATH = /usr/local/bin:/usr/bin:/bin:/usr/local/sbin:/usr/sbin:/sbin:/home/cpansand/bin/linux-gnu:/home/cpansand/bin/sh:/home/cpansand/bin:/usr/games:/home/cpansand/devel:/home/eserte/src/srezic-misc/scripts
    PERL5LIB = /home/cpansand/.local/share/.cpan/build/2020100712/IPC-System-Options-0.338-oNoTsQ/blib/arch:/home/cpansand/.local/share/.cpan/build/2020100712/IPC-System-Options-0.338-oNoTsQ/blib/lib:/home/cpansand/.local/share/.cpan/build/2020100712/Proc-ChildError-0.04-wPTrMR/blib/arch:/home/cpansand/.local/share/.cpan/build/2020100712/Proc-ChildError-0.04-wPTrMR/blib/lib:/home/cpansand/.local/share/.cpan/build/2020100712/Test-Exception-0.43-fwqNcN/blib/arch:/home/cpansand/.local/share/.cpan/build/2020100712/Test-Exception-0.43-fwqNcN/blib/lib:/home/cpansand/.local/share/.cpan/build/2020100712/Sub-Uplevel-0.2800-2vbcbh/blib/arch:/home/cpansand/.local/share/.cpan/build/2020100712/Sub-Uplevel-0.2800-2vbcbh/blib/lib:/home/cpansand/.local/share/.cpan/build/2020100712/String-ShellQuote-1.04-KgWnN2/blib/arch:/home/cpansand/.local/share/.cpan/build/2020100712/String-ShellQuote-1.04-KgWnN2/blib/lib:/home/cpansand/.local/share/.cpan/build/2020100712/IPC-Run-20200505.0-oOhgBZ/blib/arch:/home/cpansand/.local/share/.cpan/build/2020100712/IPC-Run-20200505.0-oOhgBZ/blib/lib:/home/cpansand/.local/share/.cpan/build/2020100712/File-Temp-0.2311-yv8ixn/blib/arch:/home/cpansand/.local/share/.cpan/build/2020100712/File-Temp-0.2311-yv8ixn/blib/lib
    PERL5OPT = 
    PERL5_CPANPLUS_IS_RUNNING = 3469
    PERL5_CPAN_IS_RUNNING = 3469
    PERL5_CPAN_IS_RUNNING_IN_RECURSION = 3381,3469
    PERLDOC = -MPod::Perldoc::ToTextOverstrike
    PERL_BATCH = yes
    PERL_CANARY_STABILITY_NOPROMPT = 1
    PERL_CPAN_REPORTER_CONFIG = /var/tmp/cpansmoker-1023/2020100712/cpanreporter_000_config.ini
    PERL_EXTUTILS_AUTOINSTALL = --defaultdeps
    PERL_USE_UNSAFE_INC = 1
    SHELL = /usr/bin/zsh
    TERM = screen
    TMPDIR = /var/tmp/cpansmoker-1023/2020100712

Perl special variables (and OS-specific diagnostics, for MSWin32):

    $^X = /opt/perl-5.24.4D/bin/perl
    $UID/$EUID = 1023 / 1023
    $GID = 1023 1023
    $EGID = 1023 1023

Perl module toolchain versions installed:

    Module              Have      
    ------------------- ----------
    CPAN                2.11_01   
    CPAN::Meta          2.150005  
    Cwd                 3.63_01   
    ExtUtils::CBuilder  0.280225  
    ExtUtils::Command   7.10_02   
    ExtUtils::Install   2.04      
    ExtUtils::MakeMaker 7.10_02   
    ExtUtils::Manifest  1.70      
    ExtUtils::ParseXS   3.31      
    File::Spec          3.63_01   
    JSON                n/a       
    JSON::PP            2.27300_01
    Module::Build       n/a       
    Module::Signature   n/a       
    Parse::CPAN::Meta   1.4417_001
    Test::Harness       3.36_01   
    Test::More          1.001014  
    YAML                1.29      
    YAML::Syck          1.31      
    version             0.9916    


--

Summary of my perl5 (revision 5 version 24 subversion 4) configuration:
   
  Platform:
    osname=linux, osvers=4.9.0-9-amd64, archname=x86_64-linux-ld
    uname='linux debian9 4.9.0-9-amd64 #1 smp debian 4.9.168-1+deb9u4 (2019-07-19) x86_64 gnulinux '
    config_args='-ds -e -Dprefix=/opt/perl-5.24.4D -Duselongdouble -Dcf_email=srezic@cpan.org'
    hint=recommended, useposix=true, d_sigaction=define
    useithreads=undef, usemultiplicity=undef
    use64bitint=define, use64bitall=define, uselongdouble=define
    usemymalloc=n, bincompat5005=undef
  Compiler:
    cc='cc', ccflags ='-fwrapv -fno-strict-aliasing -pipe -fstack-protector-strong -I/usr/local/include -D_LARGEFILE_SOURCE -D_FILE_OFFSET_BITS=64 -D_FORTIFY_SOURCE=2',
    optimize='-O2',
    cppflags='-fwrapv -fno-strict-aliasing -pipe -fstack-protector-strong -I/usr/local/include'
    ccversion='', gccversion='6.3.0 20170516', gccosandvers=''
    intsize=4, longsize=8, ptrsize=8, doublesize=8, byteorder=12345678, doublekind=3
    d_longlong=define, longlongsize=8, d_longdbl=define, longdblsize=16, longdblkind=3
    ivtype='long', ivsize=8, nvtype='long double', nvsize=16, Off_t='off_t', lseeksize=8
    alignbytes=16, prototype=define
  Linker and Libraries:
    ld='cc', ldflags =' -fstack-protector-strong -L/usr/local/lib'
    libpth=/usr/local/lib /usr/lib/gcc/x86_64-linux-gnu/6/include-fixed /usr/include/x86_64-linux-gnu /usr/lib /lib/x86_64-linux-gnu /lib/../lib /usr/lib/x86_64-linux-gnu /usr/lib/../lib /lib
    libs=-lpthread -lnsl -ldb -ldl -lm -lcrypt -lutil -lc
    perllibs=-lpthread -lnsl -ldl -lm -lcrypt -lutil -lc
    libc=libc-2.24.so, so=so, useshrplib=false, libperl=libperl.a
    gnulibc_version='2.24'
  Dynamic Linking:
    dlsrc=dl_dlopen.xs, dlext=so, d_dlsymun=undef, ccdlflags='-Wl,-E'
    cccdlflags='-fPIC', lddlflags='-shared -O2 -L/usr/local/lib -fstack-protector-strong'


Characteristics of this binary (from libperl): 
  Compile-time options: HAS_TIMES PERLIO_LAYERS PERL_COPY_ON_WRITE
                        PERL_DONT_CREATE_GVSV
                        PERL_HASH_FUNC_ONE_AT_A_TIME_HARD PERL_MALLOC_WRAP
                        PERL_PRESERVE_IVUV USE_64_BIT_ALL USE_64_BIT_INT
                        USE_LARGE_FILES USE_LOCALE USE_LOCALE_COLLATE
                        USE_LOCALE_CTYPE USE_LOCALE_NUMERIC USE_LOCALE_TIME
                        USE_LONG_DOUBLE USE_PERLIO USE_PERL_ATOF
  Built under linux
  Compiled at Aug  6 2019 17:58:28
  %ENV:
    PERL5LIB="/home/cpansand/.local/share/.cpan/build/2020100712/IPC-System-Options-0.338-oNoTsQ/blib/arch:/home/cpansand/.local/share/.cpan/build/2020100712/IPC-System-Options-0.338-oNoTsQ/blib/lib:/home/cpansand/.local/share/.cpan/build/2020100712/Proc-ChildError-0.04-wPTrMR/blib/arch:/home/cpansand/.local/share/.cpan/build/2020100712/Proc-ChildError-0.04-wPTrMR/blib/lib:/home/cpansand/.local/share/.cpan/build/2020100712/Test-Exception-0.43-fwqNcN/blib/arch:/home/cpansand/.local/share/.cpan/build/2020100712/Test-Exception-0.43-fwqNcN/blib/lib:/home/cpansand/.local/share/.cpan/build/2020100712/Sub-Uplevel-0.2800-2vbcbh/blib/arch:/home/cpansand/.local/share/.cpan/build/2020100712/Sub-Uplevel-0.2800-2vbcbh/blib/lib:/home/cpansand/.local/share/.cpan/build/2020100712/String-ShellQuote-1.04-KgWnN2/blib/arch:/home/cpansand/.local/share/.cpan/build/2020100712/String-ShellQuote-1.04-KgWnN2/blib/lib:/home/cpansand/.local/share/.cpan/build/2020100712/IPC-Run-20200505.0-oOhgBZ/blib/arch:/home/cpansand/.local/share/.cpan/build/2020100712/IPC-Run-20200505.0-oOhgBZ/blib/lib:/home/cpansand/.local/share/.cpan/build/2020100712/File-Temp-0.2311-yv8ixn/blib/arch:/home/cpansand/.local/share/.cpan/build/2020100712/File-Temp-0.2311-yv8ixn/blib/lib"
    PERL5OPT=""
    PERL5_CPANPLUS_IS_RUNNING="3469"
    PERL5_CPAN_IS_RUNNING="3469"
    PERL5_CPAN_IS_RUNNING_IN_RECURSION="3381,3469"
    PERLDOC="-MPod::Perldoc::ToTextOverstrike"
    PERL_BATCH="yes"
    PERL_CANARY_STABILITY_NOPROMPT="1"
    PERL_CPAN_REPORTER_CONFIG="/var/tmp/cpansmoker-1023/2020100712/cpanreporter_000_config.ini"
    PERL_EXTUTILS_AUTOINSTALL="--defaultdeps"
    PERL_USE_UNSAFE_INC="1"
  @INC:
    /home/cpansand/.local/share/.cpan/build/2020100712/IPC-System-Options-0.338-oNoTsQ/blib/arch
    /home/cpansand/.local/share/.cpan/build/2020100712/IPC-System-Options-0.338-oNoTsQ/blib/lib
    /home/cpansand/.local/share/.cpan/build/2020100712/Proc-ChildError-0.04-wPTrMR/blib/arch
    /home/cpansand/.local/share/.cpan/build/2020100712/Proc-ChildError-0.04-wPTrMR/blib/lib
    /home/cpansand/.local/share/.cpan/build/2020100712/Test-Exception-0.43-fwqNcN/blib/arch
    /home/cpansand/.local/share/.cpan/build/2020100712/Test-Exception-0.43-fwqNcN/blib/lib
    /home/cpansand/.local/share/.cpan/build/2020100712/Sub-Uplevel-0.2800-2vbcbh/blib/arch
    /home/cpansand/.local/share/.cpan/build/2020100712/Sub-Uplevel-0.2800-2vbcbh/blib/lib
    /home/cpansand/.local/share/.cpan/build/2020100712/String-ShellQuote-1.04-KgWnN2/blib/arch
    /home/cpansand/.local/share/.cpan/build/2020100712/String-ShellQuote-1.04-KgWnN2/blib/lib
    /home/cpansand/.local/share/.cpan/build/2020100712/IPC-Run-20200505.0-oOhgBZ/blib/arch
    /home/cpansand/.local/share/.cpan/build/2020100712/IPC-Run-20200505.0-oOhgBZ/blib/lib
    /home/cpansand/.local/share/.cpan/build/2020100712/File-Temp-0.2311-yv8ixn/blib/arch
    /home/cpansand/.local/share/.cpan/build/2020100712/File-Temp-0.2311-yv8ixn/blib/lib
    /opt/perl-5.24.4D/lib/site_perl/5.24.4/x86_64-linux-ld
    /opt/perl-5.24.4D/lib/site_perl/5.24.4
    /opt/perl-5.24.4D/lib/5.24.4/x86_64-linux-ld
    /opt/perl-5.24.4D/lib/5.24.4
    .
</pre>

        </main>

        <footer>
            <p>
            CPAN::Testers::Web v0.001 is powered by <a href="http://mojolicious.org">Mojolicious</a><br />
            All data and statistics are copyright Â© 1999-2018 CPAN Testers, and available under the <a href="https://opensource.org/licenses/Artistic-2.0">Artistic License 2.0</a>. Comments and design patches to admin@cpantesters.org.
            </p>

            <p>
            The CPAN Testers Family: <br />
              <a href="http://blog.cpantesters.org"     title="CPAN Testers Blog"       >Blog</a>         â€¢
              <a href="http://www.cpantesters.org"      title="CPAN Testers Reports"    >Reports</a>      â€¢
              <a href="http://wiki.cpantesters.org"     title="CPAN Testers Wiki"       >Wiki</a>         â€¢
              <a href="http://stats.cpantesters.org"    title="CPAN Testers Statistics" >Statistics</a>   â€¢
              <a href="http://pass.cpantesters.org"     title="CPAN Testers PASS Matrix">PASS Matrix</a>  â€¢
              <a href="http://prefs.cpantesters.org"    title="CPAN Testers Preferences">Preferences</a>  â€¢
              <a href="http://metabase.cpantesters.org" title="CPAN Testers Metabase"   >Metabase</a>     â€¢
              <a href="http://devel.cpantesters.org"    title="CPAN Testers Development">Development</a>  â€¢
              <a href="http://deps.cpantesters.org"     title="CPAN Dependencies"       >Dependencies</a> â€¢
              <a href="http://matrix.cpantesters.org"   title="CPAN Testers Matrix"     >Matrix</a>       â€¢
              <a href="http://analysis.cpantesters.org" title="CPAN Testers Analysis"   >Analysis</a>     â€¢
              <a href="http://admin.cpantesters.org"    title="CPAN Testers Admin"      >Admin</a>
            </p>
            <p>
            CPAN Testers, supporting the Perl programming language since 1999.
            </p>
        </footer>

    </body>
</html>
