From <strong>Slaven ReziÄ‡ (SREZIC)</strong>
Subject: <strong>PASS App-PlatformInfo-0.003 5.30.1 FreeBSD</strong>
Date: <strong>2020-10-07T11:33:47Z</strong>

This distribution has been tested as part of the CPAN Testers
project, supporting the Perl programming language.  See
http://wiki.cpantesters.org/ for more information or email
questions to cpan-testers-discuss@perl.org


--
Dear perlancar,

This is a computer-generated report for App-PlatformInfo-0.003
on perl 5.30.1, created by CPAN-Reporter-1.2018.

Thank you for uploading your work to CPAN.  Congratulations!
All tests were successful.

Sections of this report:

    * Tester comments
    * Program output
    * Prerequisites
    * Environment and other context

------------------------------
TESTER COMMENTS
------------------------------

Additional comments from tester:

none provided

------------------------------
PROGRAM OUTPUT
------------------------------

Output from '/usr/bin/make test':

PERL_DL_NONLAZY=1 "/usr/local/bin/perl" "-MExtUtils::Command::MM" "-MTest::Harness" "-e" "undef *Test::Harness::Switches; test_harness(0, 'blib/lib', 'blib/arch')" t/*.t
t/00-compile.t ........... ok
# Output of platform-info: {
#   'archname' => 'amd64',
#   'is32bit' => 0,
#   'is64bit' => 1,
#   'kernel' => 'freebsd-12.2-stable',
#   'kname' => 'FreeBSD',
#   'kvers' => '12.2-stable',
#   'osflag' => 'freebsd',
#   'oslabel' => 'FreeBSD',
#   'osname' => 'FreeBSD',
#   'osvers' => '12.2-stable',
#   'source' => {
#                 'uname -a' => 'FreeBSD cloud1.bbbike.org 12.2-STABLE FreeBSD 12.2-STABLE bff1456b880(stable/12) GENERIC  amd64',
#                 'uname -m' => 'amd64',
#                 'uname -mrr' => '12.2-STABLE amd64',
#                 'uname -o' => 'FreeBSD',
#                 'uname -r' => '12.2-STABLE',
#                 'uname -s' => 'FreeBSD'
#               }
# }
t/01-basic.t ............. ok
t/author-critic.t ........ skipped: these tests are for testing by the author
t/author-pod-coverage.t .. skipped: these tests are for testing by the author
t/author-pod-syntax.t .... skipped: these tests are for testing by the author
All tests successful.
Files=5, Tests=3,  1 wallclock secs ( 0.02 usr  0.02 sys +  0.22 cusr  0.09 csys =  0.35 CPU)
Result: PASS

------------------------------
PREREQUISITES
------------------------------

Prerequisite modules loaded:

requires:

    Module               Need  Have    
    -------------------- ----- --------
    Data::Dumper         0     2.174   

build_requires:

    Module               Need  Have    
    -------------------- ----- --------
    ExtUtils::MakeMaker  0     7.34    
    File::Spec           0     3.78    
    FindBin              0     1.51    
    IO::Handle           0     1.40    
    IPC::Open3           0     1.20    
    IPC::System::Options 0.335 0.338   
    strict               0     1.11    
    Test::More           0.98  1.302162
    warnings             0     1.44    

configure_requires:

    Module               Need  Have    
    -------------------- ----- --------
    ExtUtils::MakeMaker  0     7.34    


------------------------------
ENVIRONMENT AND OTHER CONTEXT
------------------------------

Environment variables:

    PATH = /usr/local/bin:/usr/bin:/bin:/usr/local/sbin:/usr/sbin:/sbin:/home/cpansand/bin/sh:/home/cpansand/bin:/usr/games:/home/cpansand/devel:/usr/home/eserte/src/srezic-misc/scripts
    PERL5LIB = /home/cpansand/.cpan/build/2020100711/IPC-System-Options-0.338-0/blib/arch:/home/cpansand/.cpan/build/2020100711/IPC-System-Options-0.338-0/blib/lib:/home/cpansand/.cpan/build/2020100711/Test-Exception-0.43-0/blib/arch:/home/cpansand/.cpan/build/2020100711/Test-Exception-0.43-0/blib/lib:/home/cpansand/.cpan/build/2020100711/Sub-Uplevel-0.2800-0/blib/arch:/home/cpansand/.cpan/build/2020100711/Sub-Uplevel-0.2800-0/blib/lib:/home/cpansand/.cpan/build/2020100711/Proc-ChildError-0.04-0/blib/arch:/home/cpansand/.cpan/build/2020100711/Proc-ChildError-0.04-0/blib/lib:/home/cpansand/.cpan/build/2020100711/IPC-Run-20200505.0-0/blib/arch:/home/cpansand/.cpan/build/2020100711/IPC-Run-20200505.0-0/blib/lib
    PERL5OPT = 
    PERL5_CPANPLUS_IS_RUNNING = 76512
    PERL5_CPAN_IS_RUNNING = 76512
    PERL5_CPAN_IS_RUNNING_IN_RECURSION = 76476,76512
    PERL_BATCH = yes
    PERL_CANARY_STABILITY_NOPROMPT = 1
    PERL_CPAN_REPORTER_CONFIG = /var/tmp/cpansmoker-1023/2020100711/cpanreporter_000_config.ini
    PERL_EXTUTILS_AUTOINSTALL = --defaultdeps
    PERL_USE_UNSAFE_INC = 1
    SHELL = /bin/sh
    TMPDIR = /var/tmp/cpansmoker-1023/2020100711

Perl special variables (and OS-specific diagnostics, for MSWin32):

    $^X = /usr/local/bin/perl
    $UID/$EUID = 1023 / 1023
    $GID = 1023 1023
    $EGID = 1023 1023

Perl module toolchain versions installed:

    Module              Have    
    ------------------- --------
    CPAN                2.22    
    CPAN::Meta          2.150010
    Cwd                 3.78    
    ExtUtils::CBuilder  0.280231
    ExtUtils::Command   7.34    
    ExtUtils::Install   2.14    
    ExtUtils::MakeMaker 7.34    
    ExtUtils::Manifest  1.72    
    ExtUtils::ParseXS   3.40    
    File::Spec          3.78    
    JSON                n/a     
    JSON::PP            4.02    
    Module::Build       n/a     
    Module::Signature   n/a     
    Parse::CPAN::Meta   2.150010
    Test::Harness       3.42    
    Test::More          1.302162
    YAML                n/a     
    YAML::Syck          1.32    
    version             0.9924  


--

Summary of my perl5 (revision 5 version 30 subversion 1) configuration:
   
  Platform:
    osname=freebsd
    osvers=12.0-release-p12
    archname=amd64-freebsd-thread-multi
    uname='freebsd 120amd64-default-job-02 12.0-release-p12 freebsd 12.0-release-p12 amd64 '
    config_args='-sde -Dprefix=/usr/local -Dlibperl=libperl.so.5.30.1 -Darchlib=/usr/local/lib/perl5/5.30/mach -Dprivlib=/usr/local/lib/perl5/5.30 -Dman3dir=/usr/local/lib/perl5/5.30/perl/man/man3 -Dman1dir=/usr/local/lib/perl5/5.30/perl/man/man1 -Dsitearch=/usr/local/lib/perl5/site_perl/mach/5.30 -Dsitelib=/usr/local/lib/perl5/site_perl -Dscriptdir=/usr/local/bin -Dsiteman3dir=/usr/local/lib/perl5/site_perl/man/man3 -Dsiteman1dir=/usr/local/lib/perl5/site_perl/man/man1 -Ui_malloc -Ui_iconv -Uinstallusrbinperl -Dusenm=n -Dcc=cc -Duseshrplib -Dinc_version_list=none -Dcf_by=mat -Dcf_email=mat@FreeBSD.org -Dcf_time=Sun Nov 10 14:14:17 UTC 2019 -Alddlflags=-L/wrkdirs/usr/ports/lang/perl5.30/work/perl-5.30.1 -L/usr/local/lib/perl5/5.30/mach/CORE -lperl -Dshrpldflags=$(LDDLFLAGS:N-L/wrkdirs/usr/ports/lang/perl5.30/work/perl-5.30.1:N-L/usr/local/lib/perl5/5.30/mach/CORE:N-lperl) -Wl,-soname,$(LIBPERL:R) -Doptimize=-O2 -pipe  -fstack-protector-strong -fno-strict-aliasing  -Dusedtrace -Ui_gdbm -Dusemultiplicity=y -Duse64bitint -Dusemymalloc=n -Dusethreads=y -Accflags=-DUSE_THREAD_SAFE_LOCALE'
    hint=recommended
    useposix=true
    d_sigaction=define
    useithreads=define
    usemultiplicity=define
    use64bitint=define
    use64bitall=define
    uselongdouble=undef
    usemymalloc=n
    default_inc_excludes_dot=define
    bincompat5005=undef
  Compiler:
    cc='cc'
    ccflags ='-DHAS_FPSETMASK -DHAS_FLOATINGPOINT_H -DUSE_THREAD_SAFE_LOCALE -fno-strict-aliasing -pipe -fstack-protector-strong -I/usr/local/include -D_FORTIFY_SOURCE=2'
    optimize='-O2 -pipe -fstack-protector-strong -fno-strict-aliasing '
    cppflags='-DHAS_FPSETMASK -DHAS_FLOATINGPOINT_H -DUSE_THREAD_SAFE_LOCALE -fno-strict-aliasing -pipe -fstack-protector-strong -I/usr/local/include'
    ccversion=''
    gccversion='4.2.1 Compatible FreeBSD Clang 6.0.1 (tags/RELEASE_601/final 335540)'
    gccosandvers=''
    intsize=4
    longsize=8
    ptrsize=8
    doublesize=8
    byteorder=12345678
    doublekind=3
    d_longlong=define
    longlongsize=8
    d_longdbl=define
    longdblsize=16
    longdblkind=3
    ivtype='long'
    ivsize=8
    nvtype='double'
    nvsize=8
    Off_t='off_t'
    lseeksize=8
    alignbytes=8
    prototype=define
  Linker and Libraries:
    ld='cc'
    ldflags ='-pthread -Wl,-E  -fstack-protector-strong -L/usr/local/lib'
    libpth=/usr/lib /usr/local/lib /usr/lib/clang/6.0.1/lib /usr/lib
    libs=-lpthread -lm -lcrypt -lutil
    perllibs=-lpthread -lm -lcrypt -lutil
    libc=
    so=so
    useshrplib=true
    libperl=libperl.so.5.30.1
    gnulibc_version=''
  Dynamic Linking:
    dlsrc=dl_dlopen.xs
    dlext=so
    d_dlsymun=undef
    ccdlflags='  -Wl,-R/usr/local/lib/perl5/5.30/mach/CORE'
    cccdlflags='-DPIC -fPIC'
    lddlflags='-shared  -L/usr/local/lib/perl5/5.30/mach/CORE -lperl -L/usr/local/lib -fstack-protector-strong'


Characteristics of this binary (from libperl): 
  Compile-time options:
    HAS_TIMES
    MULTIPLICITY
    PERLIO_LAYERS
    PERL_COPY_ON_WRITE
    PERL_DONT_CREATE_GVSV
    PERL_IMPLICIT_CONTEXT
    PERL_MALLOC_WRAP
    PERL_OP_PARENT
    PERL_PRESERVE_IVUV
    USE_64_BIT_ALL
    USE_64_BIT_INT
    USE_ITHREADS
    USE_LARGE_FILES
    USE_LOCALE
    USE_LOCALE_COLLATE
    USE_LOCALE_CTYPE
    USE_LOCALE_NUMERIC
    USE_LOCALE_TIME
    USE_PERLIO
    USE_PERL_ATOF
    USE_REENTRANT_API
    USE_THREAD_SAFE_LOCALE
  Built under freebsd
  %ENV:
    PERL5LIB="/home/cpansand/.cpan/build/2020100711/IPC-System-Options-0.338-0/blib/arch:/home/cpansand/.cpan/build/2020100711/IPC-System-Options-0.338-0/blib/lib:/home/cpansand/.cpan/build/2020100711/Test-Exception-0.43-0/blib/arch:/home/cpansand/.cpan/build/2020100711/Test-Exception-0.43-0/blib/lib:/home/cpansand/.cpan/build/2020100711/Sub-Uplevel-0.2800-0/blib/arch:/home/cpansand/.cpan/build/2020100711/Sub-Uplevel-0.2800-0/blib/lib:/home/cpansand/.cpan/build/2020100711/Proc-ChildError-0.04-0/blib/arch:/home/cpansand/.cpan/build/2020100711/Proc-ChildError-0.04-0/blib/lib:/home/cpansand/.cpan/build/2020100711/IPC-Run-20200505.0-0/blib/arch:/home/cpansand/.cpan/build/2020100711/IPC-Run-20200505.0-0/blib/lib"
    PERL5OPT=""
    PERL5_CPANPLUS_IS_RUNNING="76512"
    PERL5_CPAN_IS_RUNNING="76512"
    PERL5_CPAN_IS_RUNNING_IN_RECURSION="76476,76512"
    PERL_BATCH="yes"
    PERL_CANARY_STABILITY_NOPROMPT="1"
    PERL_CPAN_REPORTER_CONFIG="/var/tmp/cpansmoker-1023/2020100711/cpanreporter_000_config.ini"
    PERL_EXTUTILS_AUTOINSTALL="--defaultdeps"
    PERL_USE_UNSAFE_INC="1"
  @INC:
    /home/cpansand/.cpan/build/2020100711/IPC-System-Options-0.338-0/blib/arch
    /home/cpansand/.cpan/build/2020100711/IPC-System-Options-0.338-0/blib/lib
    /home/cpansand/.cpan/build/2020100711/Test-Exception-0.43-0/blib/arch
    /home/cpansand/.cpan/build/2020100711/Test-Exception-0.43-0/blib/lib
    /home/cpansand/.cpan/build/2020100711/Sub-Uplevel-0.2800-0/blib/arch
    /home/cpansand/.cpan/build/2020100711/Sub-Uplevel-0.2800-0/blib/lib
    /home/cpansand/.cpan/build/2020100711/Proc-ChildError-0.04-0/blib/arch
    /home/cpansand/.cpan/build/2020100711/Proc-ChildError-0.04-0/blib/lib
    /home/cpansand/.cpan/build/2020100711/IPC-Run-20200505.0-0/blib/arch
    /home/cpansand/.cpan/build/2020100711/IPC-Run-20200505.0-0/blib/lib
    /usr/local/lib/perl5/site_perl/mach/5.30
    /usr/local/lib/perl5/site_perl
    /usr/local/lib/perl5/5.30/mach
    /usr/local/lib/perl5/5.30
    .
</pre>

        </main>

        <footer>
            <p>
            CPAN::Testers::Web v0.001 is powered by <a href="http://mojolicious.org">Mojolicious</a><br />
            All data and statistics are copyright Â© 1999-2018 CPAN Testers, and available under the <a href="https://opensource.org/licenses/Artistic-2.0">Artistic License 2.0</a>. Comments and design patches to admin@cpantesters.org.
            </p>

            <p>
            The CPAN Testers Family: <br />
              <a href="http://blog.cpantesters.org"     title="CPAN Testers Blog"       >Blog</a>         â€¢
              <a href="http://www.cpantesters.org"      title="CPAN Testers Reports"    >Reports</a>      â€¢
              <a href="http://wiki.cpantesters.org"     title="CPAN Testers Wiki"       >Wiki</a>         â€¢
              <a href="http://stats.cpantesters.org"    title="CPAN Testers Statistics" >Statistics</a>   â€¢
              <a href="http://pass.cpantesters.org"     title="CPAN Testers PASS Matrix">PASS Matrix</a>  â€¢
              <a href="http://prefs.cpantesters.org"    title="CPAN Testers Preferences">Preferences</a>  â€¢
              <a href="http://metabase.cpantesters.org" title="CPAN Testers Metabase"   >Metabase</a>     â€¢
              <a href="http://devel.cpantesters.org"    title="CPAN Testers Development">Development</a>  â€¢
              <a href="http://deps.cpantesters.org"     title="CPAN Dependencies"       >Dependencies</a> â€¢
              <a href="http://matrix.cpantesters.org"   title="CPAN Testers Matrix"     >Matrix</a>       â€¢
              <a href="http://analysis.cpantesters.org" title="CPAN Testers Analysis"   >Analysis</a>     â€¢
              <a href="http://admin.cpantesters.org"    title="CPAN Testers Admin"      >Admin</a>
            </p>
            <p>
            CPAN Testers, supporting the Perl programming language since 1999.
            </p>
        </footer>

    </body>
</html>
