From <strong>Slaven Rezić (SREZIC)</strong>
Subject: <strong>PASS App-PlatformInfo-0.003 5.8.9 FreeBSD</strong>
Date: <strong>2020-10-07T11:43:48Z</strong>

This distribution has been tested as part of the CPAN Testers
project, supporting the Perl programming language.  See
http://wiki.cpantesters.org/ for more information or email
questions to cpan-testers-discuss@perl.org


--
Dear perlancar,

This is a computer-generated report for App-PlatformInfo-0.003
on perl 5.8.9, created by CPAN-Reporter-1.2018.

Thank you for uploading your work to CPAN.  Congratulations!
All tests were successful.

Sections of this report:

    * Tester comments
    * Program output
    * Prerequisites
    * Environment and other context

------------------------------
TESTER COMMENTS
------------------------------

Additional comments from tester:

none provided

------------------------------
PROGRAM OUTPUT
------------------------------

Output from '/usr/bin/make test':

PERL_DL_NONLAZY=1 "/usr/perl5.8.9/bin/perl" "-MExtUtils::Command::MM" "-MTest::Harness" "-e" "undef *Test::Harness::Switches; test_harness(0, 'blib/lib', 'blib/arch')" t/*.t
t/00-compile.t ........... ok
# Output of platform-info: {
#   'archname' => 'amd64',
#   'is32bit' => 0,
#   'is64bit' => 1,
#   'kernel' => 'freebsd-9.2-release-p4',
#   'kname' => 'FreeBSD',
#   'kvers' => '9.2-release-p4',
#   'osflag' => 'freebsd',
#   'oslabel' => 'FreeBSD',
#   'osname' => 'FreeBSD',
#   'osvers' => '9.2',
#   'source' => {
#                 'uname -a' => 'FreeBSD cvrsnica-freebsd-92 9.2-RELEASE-p4 FreeBSD 9.2-RELEASE-p4 #0: Tue Apr  8 18:08:22 UTC 2014     root@amd64-builder.daemonology.net:/usr/obj/usr/src/sys/GENERIC  amd64',
#                 'uname -m' => 'amd64',
#                 'uname -mrr' => '9.2-RELEASE-p4 amd64',
#                 'uname -o' => 'FreeBSD',
#                 'uname -r' => '9.2-RELEASE-p4',
#                 'uname -s' => 'FreeBSD'
#               }
# }
t/01-basic.t ............. ok
t/author-critic.t ........ skipped: these tests are for testing by the author
t/author-pod-coverage.t .. skipped: these tests are for testing by the author
t/author-pod-syntax.t .... skipped: these tests are for testing by the author
All tests successful.
Files=5, Tests=3,  0 wallclock secs ( 0.01 usr  0.01 sys +  0.08 cusr  0.06 csys =  0.16 CPU)
Result: PASS

------------------------------
PREREQUISITES
------------------------------

Prerequisite modules loaded:

requires:

    Module               Need  Have    
    -------------------- ----- --------
    Data::Dumper         0     2.161   

build_requires:

    Module               Need  Have    
    -------------------- ----- --------
    ExtUtils::MakeMaker  0     7.48    
    File::Spec           0     3.75    
    FindBin              0     1.49    
    IO::Handle           0     1.42    
    IPC::Open3           0     1.03    
    IPC::System::Options 0.335 0.338   
    strict               0     1.03    
    Test::More           0.98  1.302181
    warnings             0     1.05_01 

configure_requires:

    Module               Need  Have    
    -------------------- ----- --------
    ExtUtils::MakeMaker  0     7.48    


------------------------------
ENVIRONMENT AND OTHER CONTEXT
------------------------------

Environment variables:

    LC_ALL = de_DE.ISO8859-1
    PATH = /usr/local/bin:/usr/bin:/bin:/usr/local/sbin:/usr/sbin:/sbin:/home/cpansand/bin/freebsd9.3:/home/cpansand/bin/sh:/home/cpansand/bin:/usr/games:/home/cpansand/devel:/usr/home/eserte/src/srezic-misc/scripts
    PERL5LIB = 
    PERL5OPT = 
    PERL5_CPANPLUS_IS_RUNNING = 98254
    PERL5_CPAN_IS_RUNNING = 98254
    PERL5_CPAN_IS_RUNNING_IN_RECURSION = 97422,98254
    PERLDOC = -MPod::Perldoc::ToTextOverstrike
    PERL_BATCH = yes
    PERL_CANARY_STABILITY_NOPROMPT = 1
    PERL_CPAN_REPORTER_CONFIG = /var/tmp/cpansmoker-1023/2020100713/cpanreporter_000_config.ini
    PERL_EXTUTILS_AUTOINSTALL = --defaultdeps
    PERL_USE_UNSAFE_INC = 1
    SHELL = /usr/local/bin/zsh
    TERM = screen
    TMPDIR = /var/tmp/cpansmoker-1023/2020100713

Perl special variables (and OS-specific diagnostics, for MSWin32):

    $^X = /usr/perl5.8.9/bin/perl
    $UID/$EUID = 1023 / 1023
    $GID = 1023 1023
    $EGID = 1023 1023

Perl module toolchain versions installed:

    Module              Have    
    ------------------- --------
    CPAN                2.27    
    CPAN::Meta          2.150010
    Cwd                 3.75    
    ExtUtils::CBuilder  0.280231
    ExtUtils::Command   7.48    
    ExtUtils::Install   2.18    
    ExtUtils::MakeMaker 7.48    
    ExtUtils::Manifest  1.72    
    ExtUtils::ParseXS   3.35    
    File::Spec          3.75    
    JSON                4.02    
    JSON::PP            4.05    
    Module::Build       0.4229  
    Module::Signature   0.86    
    Parse::CPAN::Meta   2.150010
    Test::Harness       3.42    
    Test::More          1.302181
    YAML                1.30    
    YAML::Syck          1.32    
    version             0.9924  


--

Summary of my perl5 (revision 5 version 8 subversion 9) configuration:
  Platform:
    osname=freebsd, osvers=9.2-release-p4, archname=amd64-freebsd
    uname='freebsd cvrsnica-freebsd-92 9.2-release-p4 freebsd 9.2-release-p4 #0: tue apr 8 18:08:22 utc 2014 root@amd64-builder.daemonology.net:usrobjusrsrcsysgeneric amd64 '
    config_args='-ds -e -Dprefix=/usr/perl5.8.9'
    hint=recommended, useposix=true, d_sigaction=define
    usethreads=undef use5005threads=undef useithreads=undef usemultiplicity=undef
    useperlio=define d_sfio=undef uselargefiles=define usesocks=undef
    use64bitint=define use64bitall=define uselongdouble=undef
    usemymalloc=n, bincompat5005=undef
  Compiler:
    cc='cc', ccflags ='-DHAS_FPSETMASK -DHAS_FLOATINGPOINT_H -fno-strict-aliasing -pipe -I/usr/local/include',
    optimize='-O',
    cppflags='-DHAS_FPSETMASK -DHAS_FLOATINGPOINT_H -fno-strict-aliasing -pipe -I/usr/local/include'
    ccversion='', gccversion='4.2.1 20070831 patched [FreeBSD]', gccosandvers=''
    intsize=4, longsize=8, ptrsize=8, doublesize=8, byteorder=12345678
    d_longlong=define, longlongsize=8, d_longdbl=define, longdblsize=16
    ivtype='long', ivsize=8, nvtype='double', nvsize=8, Off_t='off_t', lseeksize=8
    alignbytes=8, prototype=define
  Linker and Libraries:
    ld='cc', ldflags ='-Wl,-E  -L/usr/local/lib'
    libpth=/usr/lib /usr/local/lib
    libs=-lgdbm -lm -lcrypt -lutil -lc
    perllibs=-lm -lcrypt -lutil -lc
    libc=, so=so, useshrplib=false, libperl=libperl.a
    gnulibc_version=''
  Dynamic Linking:
    dlsrc=dl_dlopen.xs, dlext=so, d_dlsymun=undef, ccdlflags=' '
    cccdlflags='-DPIC -fPIC', lddlflags='-shared  -L/usr/local/lib'


Characteristics of this binary (from libperl): 
  Compile-time options: PERL_MALLOC_WRAP USE_64_BIT_ALL USE_64_BIT_INT
                        USE_FAST_STDIO USE_LARGE_FILES USE_PERLIO
  Built under freebsd
  Compiled at May 15 2014 22:27:57
  %ENV:
    PERL5LIB=""
    PERL5OPT=""
    PERL5_CPANPLUS_IS_RUNNING="98254"
    PERL5_CPAN_IS_RUNNING="98254"
    PERL5_CPAN_IS_RUNNING_IN_RECURSION="97422,98254"
    PERLDOC="-MPod::Perldoc::ToTextOverstrike"
    PERL_BATCH="yes"
    PERL_CANARY_STABILITY_NOPROMPT="1"
    PERL_CPAN_REPORTER_CONFIG="/var/tmp/cpansmoker-1023/2020100713/cpanreporter_000_config.ini"
    PERL_EXTUTILS_AUTOINSTALL="--defaultdeps"
    PERL_USE_UNSAFE_INC="1"
  @INC:
    /usr/perl5.8.9/lib/5.8.9/amd64-freebsd
    /usr/perl5.8.9/lib/5.8.9
    /usr/perl5.8.9/lib/site_perl/5.8.9/amd64-freebsd
    /usr/perl5.8.9/lib/site_perl/5.8.9
    .
</pre>

        </main>

        <footer>
            <p>
            CPAN::Testers::Web v0.001 is powered by <a href="http://mojolicious.org">Mojolicious</a><br />
            All data and statistics are copyright © 1999-2018 CPAN Testers, and available under the <a href="https://opensource.org/licenses/Artistic-2.0">Artistic License 2.0</a>. Comments and design patches to admin@cpantesters.org.
            </p>

            <p>
            The CPAN Testers Family: <br />
              <a href="http://blog.cpantesters.org"     title="CPAN Testers Blog"       >Blog</a>         •
              <a href="http://www.cpantesters.org"      title="CPAN Testers Reports"    >Reports</a>      •
              <a href="http://wiki.cpantesters.org"     title="CPAN Testers Wiki"       >Wiki</a>         •
              <a href="http://stats.cpantesters.org"    title="CPAN Testers Statistics" >Statistics</a>   •
              <a href="http://pass.cpantesters.org"     title="CPAN Testers PASS Matrix">PASS Matrix</a>  •
              <a href="http://prefs.cpantesters.org"    title="CPAN Testers Preferences">Preferences</a>  •
              <a href="http://metabase.cpantesters.org" title="CPAN Testers Metabase"   >Metabase</a>     •
              <a href="http://devel.cpantesters.org"    title="CPAN Testers Development">Development</a>  •
              <a href="http://deps.cpantesters.org"     title="CPAN Dependencies"       >Dependencies</a> •
              <a href="http://matrix.cpantesters.org"   title="CPAN Testers Matrix"     >Matrix</a>       •
              <a href="http://analysis.cpantesters.org" title="CPAN Testers Analysis"   >Analysis</a>     •
              <a href="http://admin.cpantesters.org"    title="CPAN Testers Admin"      >Admin</a>
            </p>
            <p>
            CPAN Testers, supporting the Perl programming language since 1999.
            </p>
        </footer>

    </body>
</html>
