From <strong>Slaven ReziÄ‡ (SREZIC)</strong>
Subject: <strong>PASS App-PlatformInfo-0.003 5.24.1 GNU/Linux</strong>
Date: <strong>2020-10-07T12:15:42Z</strong>

This distribution has been tested as part of the CPAN Testers
project, supporting the Perl programming language.  See
http://wiki.cpantesters.org/ for more information or email
questions to cpan-testers-discuss@perl.org


--
Dear perlancar,

This is a computer-generated report for App-PlatformInfo-0.003
on perl 5.24.1, created by CPAN-Reporter-1.2018.

Thank you for uploading your work to CPAN.  Congratulations!
All tests were successful.

Sections of this report:

    * Tester comments
    * Program output
    * Prerequisites
    * Environment and other context

------------------------------
TESTER COMMENTS
------------------------------

Additional comments from tester:

none provided

------------------------------
PROGRAM OUTPUT
------------------------------

Output from '/usr/bin/make test':

PERL_DL_NONLAZY=1 PERL_USE_UNSAFE_INC=1 "/usr/bin/perl" "-MExtUtils::Command::MM" "-MTest::Harness" "-e" "undef *Test::Harness::Switches; test_harness(0, 'blib/lib', 'blib/arch')" t/*.t
t/00-compile.t ........... ok
# Output of platform-info: {
#   'archname' => 'x86_64',
#   'codename' => 'stretch',
#   'is32bit' => 0,
#   'is64bit' => 1,
#   'kernel' => 'linux-4.9.0-9-amd64',
#   'kname' => 'Linux',
#   'kvers' => '4.9.0-9-amd64',
#   'osflag' => 'linux',
#   'oslabel' => 'Debian',
#   'osname' => 'GNU/Linux',
#   'osvers' => '9.13',
#   'source' => {
#                 'cat /etc/.issue' => '',
#                 'cat /etc/issue' => 'Debian GNU/Linux 9 \\n \\l',
#                 'lsb_release -a' => 'Distributor ID:	Debian
# Description:	Debian GNU/Linux 9.13 (stretch)
# Release:	9.13
# Codename:	stretch',
#                 'uname -a' => 'Linux debian9 4.9.0-9-amd64 #1 SMP Debian 4.9.168-1+deb9u5 (2019-08-11) x86_64 GNU/Linux',
#                 'uname -m' => 'x86_64',
#                 'uname -o' => 'GNU/Linux',
#                 'uname -r' => '4.9.0-9-amd64',
#                 'uname -s' => 'Linux'
#               }
# }
t/01-basic.t ............. ok
t/author-critic.t ........ skipped: these tests are for testing by the author
t/author-pod-coverage.t .. skipped: these tests are for testing by the author
t/author-pod-syntax.t .... skipped: these tests are for testing by the author
All tests successful.
Files=5, Tests=3,  0 wallclock secs ( 0.02 usr  0.03 sys +  0.10 cusr  0.08 csys =  0.23 CPU)
Result: PASS

------------------------------
PREREQUISITES
------------------------------

Prerequisite modules loaded:

requires:

    Module               Need  Have    
    -------------------- ----- --------
    Data::Dumper         0     2.160   

build_requires:

    Module               Need  Have    
    -------------------- ----- --------
    ExtUtils::MakeMaker  0     7.10_02 
    File::Spec           0     3.63_01 
    FindBin              0     1.51    
    IO::Handle           0     1.36    
    IPC::Open3           0     1.20    
    IPC::System::Options 0.335 0.338   
    strict               0     1.11    
    Test::More           0.98  1.001014
    warnings             0     1.36    

configure_requires:

    Module               Need  Have    
    -------------------- ----- --------
    ExtUtils::MakeMaker  0     7.10_02 


------------------------------
ENVIRONMENT AND OTHER CONTEXT
------------------------------

Environment variables:

    LANG = C
    PATH = /usr/local/bin:/usr/bin:/bin:/usr/local/sbin:/usr/sbin:/sbin:/home/cpansand/bin/linux-gnu:/home/cpansand/bin/sh:/home/cpansand/bin:/usr/games:/home/cpansand/devel:/home/eserte/src/srezic-misc/scripts
    PERL5LIB = /home/cpansand/.local/share/.cpan/build/2020100712/IPC-System-Options-0.338-OZpDTl/blib/arch:/home/cpansand/.local/share/.cpan/build/2020100712/IPC-System-Options-0.338-OZpDTl/blib/lib:/home/cpansand/.local/share/.cpan/build/2020100712/Test-Exception-0.43-NKiTol/blib/arch:/home/cpansand/.local/share/.cpan/build/2020100712/Test-Exception-0.43-NKiTol/blib/lib:/home/cpansand/.local/share/.cpan/build/2020100712/Sub-Uplevel-0.2800-0L0BFX/blib/arch:/home/cpansand/.local/share/.cpan/build/2020100712/Sub-Uplevel-0.2800-0L0BFX/blib/lib:/home/cpansand/.local/share/.cpan/build/2020100712/File-Temp-0.2311-iCjq1q/blib/arch:/home/cpansand/.local/share/.cpan/build/2020100712/File-Temp-0.2311-iCjq1q/blib/lib:/home/cpansand/.local/share/.cpan/build/2020100712/Proc-ChildError-0.04-FKJoer/blib/arch:/home/cpansand/.local/share/.cpan/build/2020100712/Proc-ChildError-0.04-FKJoer/blib/lib
    PERL5OPT = 
    PERL5_CPANPLUS_IS_RUNNING = 2698
    PERL5_CPAN_IS_RUNNING = 2698
    PERL5_CPAN_IS_RUNNING_IN_RECURSION = 28293,2698
    PERLDOC = -MPod::Perldoc::ToTextOverstrike
    PERL_BATCH = yes
    PERL_CANARY_STABILITY_NOPROMPT = 1
    PERL_CPAN_REPORTER_CONFIG = /var/tmp/cpansmoker-1023/2020100711/cpanreporter_000_config.ini
    PERL_EXTUTILS_AUTOINSTALL = --defaultdeps
    PERL_USE_UNSAFE_INC = 1
    SHELL = /usr/bin/zsh
    TERM = screen
    TMPDIR = /var/tmp/cpansmoker-1023/2020100711

Perl special variables (and OS-specific diagnostics, for MSWin32):

    $^X = /usr/bin/perl
    $UID/$EUID = 1023 / 1023
    $GID = 1023 1023
    $EGID = 1023 1023

Perl module toolchain versions installed:

    Module              Have      
    ------------------- ----------
    CPAN                2.11_01   
    CPAN::Meta          2.150005  
    Cwd                 3.63_01   
    ExtUtils::CBuilder  0.280225  
    ExtUtils::Command   7.10_02   
    ExtUtils::Install   2.04      
    ExtUtils::MakeMaker 7.10_02   
    ExtUtils::Manifest  1.70      
    ExtUtils::ParseXS   3.31      
    File::Spec          3.63_01   
    JSON                n/a       
    JSON::PP            2.27300_01
    Module::Build       n/a       
    Module::Signature   n/a       
    Parse::CPAN::Meta   1.4417_001
    Test::Harness       3.36_01   
    Test::More          1.001014  
    YAML                n/a       
    YAML::Syck          1.29      
    version             0.9916    


--

Summary of my perl5 (revision 5 version 24 subversion 1) configuration:
   
  Platform:
    osname=linux, osvers=3.16.0, archname=x86_64-linux-gnu-thread-multi
    uname='linux localhost 3.16.0 #1 smp debian 3.16.0 x86_64 gnulinux '
    config_args='-Dusethreads -Duselargefiles -Dcc=x86_64-linux-gnu-gcc -Dcpp=x86_64-linux-gnu-cpp -Dld=x86_64-linux-gnu-gcc -Dccflags=-DDEBIAN -Wdate-time -D_FORTIFY_SOURCE=2 -g -O2 -fdebug-prefix-map=/build/perl-3JylfZ/perl-5.24.1=. -fstack-protector-strong -Wformat -Werror=format-security -Dldflags= -Wl,-z,relro -Dlddlflags=-shared -Wl,-z,relro -Dcccdlflags=-fPIC -Darchname=x86_64-linux-gnu -Dprefix=/usr -Dprivlib=/usr/share/perl/5.24 -Darchlib=/usr/lib/x86_64-linux-gnu/perl/5.24 -Dvendorprefix=/usr -Dvendorlib=/usr/share/perl5 -Dvendorarch=/usr/lib/x86_64-linux-gnu/perl5/5.24 -Dsiteprefix=/usr/local -Dsitelib=/usr/local/share/perl/5.24.1 -Dsitearch=/usr/local/lib/x86_64-linux-gnu/perl/5.24.1 -Dman1dir=/usr/share/man/man1 -Dman3dir=/usr/share/man/man3 -Dsiteman1dir=/usr/local/man/man1 -Dsiteman3dir=/usr/local/man/man3 -Dusesitecustomize -Duse64bitint -Dman1ext=1 -Dman3ext=3perl -Dpager=/usr/bin/sensible-pager -Uafs -Ud_csh -Ud_ualarm -Uusesfio -Uusenm -Ui_libutil -Uversiononly -DDEBUGGING=-g -Doptimize=-O2 -dEs -Duseshrplib -Dlibperl=libperl.so.5.24.1'
    hint=recommended, useposix=true, d_sigaction=define
    useithreads=define, usemultiplicity=define
    use64bitint=define, use64bitall=define, uselongdouble=undef
    usemymalloc=n, bincompat5005=undef
  Compiler:
    cc='x86_64-linux-gnu-gcc', ccflags ='-D_REENTRANT -D_GNU_SOURCE -DDEBIAN -fwrapv -fno-strict-aliasing -pipe -I/usr/local/include -D_LARGEFILE_SOURCE -D_FILE_OFFSET_BITS=64',
    optimize='-O2 -g',
    cppflags='-D_REENTRANT -D_GNU_SOURCE -DDEBIAN -fwrapv -fno-strict-aliasing -pipe -I/usr/local/include'
    ccversion='', gccversion='6.3.0 20170516', gccosandvers=''
    intsize=4, longsize=8, ptrsize=8, doublesize=8, byteorder=12345678, doublekind=3
    d_longlong=define, longlongsize=8, d_longdbl=define, longdblsize=16, longdblkind=3
    ivtype='long', ivsize=8, nvtype='double', nvsize=8, Off_t='off_t', lseeksize=8
    alignbytes=8, prototype=define
  Linker and Libraries:
    ld='x86_64-linux-gnu-gcc', ldflags =' -fstack-protector-strong -L/usr/local/lib'
    libpth=/usr/local/lib /usr/lib/gcc/x86_64-linux-gnu/6/include-fixed /usr/include/x86_64-linux-gnu /usr/lib /lib/x86_64-linux-gnu /lib/../lib /usr/lib/x86_64-linux-gnu /usr/lib/../lib /lib
    libs=-lgdbm -lgdbm_compat -ldb -ldl -lm -lpthread -lc -lcrypt
    perllibs=-ldl -lm -lpthread -lc -lcrypt
    libc=libc-2.24.so, so=so, useshrplib=true, libperl=libperl.so.5.24
    gnulibc_version='2.24'
  Dynamic Linking:
    dlsrc=dl_dlopen.xs, dlext=so, d_dlsymun=undef, ccdlflags='-Wl,-E'
    cccdlflags='-fPIC', lddlflags='-shared -L/usr/local/lib -fstack-protector-strong'


Characteristics of this binary (from libperl): 
  Compile-time options: HAS_TIMES MULTIPLICITY PERLIO_LAYERS
                        PERL_COPY_ON_WRITE PERL_DONT_CREATE_GVSV
                        PERL_HASH_FUNC_ONE_AT_A_TIME_HARD
                        PERL_IMPLICIT_CONTEXT PERL_MALLOC_WRAP
                        PERL_PRESERVE_IVUV USE_64_BIT_ALL USE_64_BIT_INT
                        USE_ITHREADS USE_LARGE_FILES USE_LOCALE
                        USE_LOCALE_COLLATE USE_LOCALE_CTYPE
                        USE_LOCALE_NUMERIC USE_LOCALE_TIME USE_PERLIO
                        USE_PERL_ATOF USE_REENTRANT_API USE_SITECUSTOMIZE
  Locally applied patches:
	DEBPKG:debian/cpan_definstalldirs - Provide a sensible INSTALLDIRS default for modules installed from CPAN.
	DEBPKG:debian/db_file_ver - https://bugs.debian.org/340047 Remove overly restrictive DB_File version check.
	DEBPKG:debian/doc_info - Replace generic man(1) instructions with Debian-specific information.
	DEBPKG:debian/enc2xs_inc - https://bugs.debian.org/290336 Tweak enc2xs to follow symlinks and ignore missing @INC directories.
	DEBPKG:debian/errno_ver - https://bugs.debian.org/343351 Remove Errno version check due to upgrade problems with long-running processes.
	DEBPKG:debian/libperl_embed_doc - https://bugs.debian.org/186778 Note that libperl-dev package is required for embedded linking
	DEBPKG:fixes/respect_umask - Respect umask during installation
	DEBPKG:debian/writable_site_dirs - Set umask approproately for site install directories
	DEBPKG:debian/extutils_set_libperl_path - EU:MM: set location of libperl.a under /usr/lib
	DEBPKG:debian/no_packlist_perllocal - Don't install .packlist or perllocal.pod for perl or vendor
	DEBPKG:debian/fakeroot - Postpone LD_LIBRARY_PATH evaluation to the binary targets.
	DEBPKG:debian/instmodsh_doc - Debian policy doesn't install .packlist files for core or vendor.
	DEBPKG:debian/ld_run_path - Remove standard libs from LD_RUN_PATH as per Debian policy.
	DEBPKG:debian/libnet_config_path - Set location of libnet.cfg to /etc/perl/Net as /usr may not be writable.
	DEBPKG:debian/mod_paths - Tweak @INC ordering for Debian
	DEBPKG:debian/prune_libs - https://bugs.debian.org/128355 Prune the list of libraries wanted to what we actually need.
	DEBPKG:fixes/net_smtp_docs - [rt.cpan.org #36038] https://bugs.debian.org/100195 Document the Net::SMTP 'Port' option
	DEBPKG:debian/perlivp - https://bugs.debian.org/510895 Make perlivp skip include directories in /usr/local
	DEBPKG:debian/deprecate-with-apt - https://bugs.debian.org/747628 Point users to Debian packages of deprecated core modules
	DEBPKG:debian/squelch-locale-warnings - https://bugs.debian.org/508764 Squelch locale warnings in Debian package maintainer scripts
	DEBPKG:debian/skip-upstream-git-tests - Skip tests specific to the upstream Git repository
	DEBPKG:debian/patchlevel - https://bugs.debian.org/567489 List packaged patches for 5.24.1-3+deb9u7 in patchlevel.h
	DEBPKG:debian/skip-kfreebsd-crash - https://bugs.debian.org/628493 [perl #96272] Skip a crashing test case in t/op/threads.t on GNU/kFreeBSD
	DEBPKG:fixes/document_makemaker_ccflags - https://bugs.debian.org/628522 [rt.cpan.org #68613] Document that CCFLAGS should include $Config{ccflags}
	DEBPKG:debian/find_html2text - https://bugs.debian.org/640479 Configure CPAN::Distribution with correct name of html2text
	DEBPKG:debian/perl5db-x-terminal-emulator.patch - https://bugs.debian.org/668490 Invoke x-terminal-emulator rather than xterm in perl5db.pl
	DEBPKG:debian/cpan-missing-site-dirs - https://bugs.debian.org/688842 Fix CPAN::FirstTime defaults with nonexisting site dirs if a parent is writable
	DEBPKG:fixes/memoize_storable_nstore - [rt.cpan.org #77790] https://bugs.debian.org/587650 Memoize::Storable: respect 'nstore' option not respected
	DEBPKG:debian/regen-skip - Skip a regeneration check in unrelated git repositories
	DEBPKG:debian/makemaker-pasthru - https://bugs.debian.org/758471 Pass LD settings through to subdirectories
	DEBPKG:debian/makemaker-manext - https://bugs.debian.org/247370 Make EU::MakeMaker honour MANnEXT settings in generated manpage headers
	DEBPKG:debian/devel-ppport-reproducibility - https://bugs.debian.org/801523 Sort the list of XS code files when generating RealPPPort.xs
	DEBPKG:debian/encode-unicode-bom-doc - https://bugs.debian.org/798727 Document Debian backport of Encode::Unicode fix
	DEBPKG:debian/kfreebsd-softupdates - https://bugs.debian.org/796798 Work around Debian Bug#796798
	DEBPKG:fixes/autodie-scope - https://bugs.debian.org/798096 Fix a scoping issue with "no autodie" and the "system" sub
	DEBPKG:fixes/crosscompile-no-targethost - [23695c0] [perl #127234] Fix the Configure escape with usecrosscompile but no targethost
	DEBPKG:fixes/memoize-pod - [rt.cpan.org #89441] Fix POD errors in Memoize
	DEBPKG:fixes/ok-pod - Added encoding for pod.
	DEBPKG:debian/hurd-softupdates - https://bugs.debian.org/822735 Fix t/op/stat.t failures on hurd
	DEBPKG:fixes/nntp_docs - https://bugs.debian.org/51962 Net::NNTP: Correct innd/nnrpd confusion in relation to Reader option
	DEBPKG:fixes/math_complex_doc_great_circle - https://bugs.debian.org/697567 [rt.cpan.org #114104] Math::Trig: clarify definition of great_circle_midpoint
	DEBPKG:fixes/math_complex_doc_see_also - https://bugs.debian.org/697568 [rt.cpan.org #114105] Math::Trig: add missing SEE ALSO
	DEBPKG:fixes/math_complex_doc_angle_units - https://bugs.debian.org/731505 [rt.cpan.org #114106] Math::Trig: document angle units
	DEBPKG:fixes/cpan_web_link - https://bugs.debian.org/367291 CPAN: Add link to main CPAN web site
	DEBPKG:fixes/time_piece_doc - https://bugs.debian.org/817925 Time::Piece: Improve documentation for add_months and add_years
	DEBPKG:fixes/perlbug-refactor - https://bugs.debian.org/822463 [perl #128020] perlbug: Refactor duplicated file reading code
	DEBPKG:fixes/perlbug-linewrap - https://bugs.debian.org/822463 [perl #128020] perlbug: wrap overly long lines
	DEBPKG:fixes/hurd_sigaction - https://bugs.debian.org/825016 [d54f4ed] ext/POSIX/t/sigaction.t: Skip uid and pid tests on GNU/Hurd
	DEBPKG:fixes/hurd_hints - [4694301] https://bugs.debian.org/825020 [perl #128279] Modify hints for Hurd per Debian ticket 825020.
	DEBPKG:fixes/extutils-parsexs-reproducibility - [perl #128517] https://bugs.debian.org/829296 Make the output of ExtUtils::ParseXS reproducible
	DEBPKG:debian/CVE-2016-1238/sitecustomize-in-etc - Look for sitecustomize.pl in /etc/perl rather than sitelib on Debian systems
	DEBPKG:debian/CVE-2016-1238/test-suite-without-dot - [perl #127810] Patch unit tests to explicitly insert "." into @INC when needed.
	DEBPKG:debian/CVE-2016-1238/eumm-without-dot - [perl #127810] Add PERL_USE_UNSAFE_INC support to EU::MM for fortify_inc support.
	DEBPKG:debian/CVE-2016-1238/cpan-without-dot - [perl #127810] Set PERL_USE_UNSAFE_INC for cpan usage
	DEBPKG:debian/document_inc_removal - Document in perlvar that we remove '.' from @INC by default
	DEBPKG:fixes/extutils_makemaker_reproducible - https://bugs.debian.org/835815 https://bugs.debian.org/834190 Make perllocal.pod files reproducible
	DEBPKG:debian/CVE-2016-1238/remove-inc-test - Remove test for '.' in @INC as it might not be
	DEBPKG:fixes/file_path_hurd_errno - File-Path: Fix test failure in Hurd due to hard-coded ENOENT
	DEBPKG:debian/hppa_op_optimize_workaround - https://bugs.debian.org/838613 Temporarily lower the optimization of op.c on hppa due to gcc-6 problems
	DEBPKG:fixes/test-builder-warning - https://bugs.debian.org/840968 Silence a 'used only once' warning in Test::Builder
	DEBPKG:fixes/longdblinf-randomness - [dd68853] [perl #130133] https://bugs.debian.org/844752 Configure: fix garbage filtering with 80-bit long doubles
	DEBPKG:debian/installman-utf8 - https://bugs.debian.org/840211 Generate man pages with UTF-8 characters
	DEBPKG:fixes/list_assign_leak - [1050723] [perl #130766] https://bugs.debian.org/855064 avoid a leak in list assign from/to magic values
	DEBPKG:fixes/perlfunc_inc_doc - [a03e9f8] https://bugs.debian.org/839536 [perl #130832] Documentation fixes for '.' possibly no longer being in @INC
	DEBPKG:fixes/file_path_chmod_race - https://bugs.debian.org/863870 [rt.cpan.org #121951] Prevent directory chmod race attack.
	DEBPKG:fixes/extutils_file_path_compat - Correct the order of tests of chmod(). (#294)
	DEBPKG:debian/customized - Update customized.dat for files patched in Debian
	DEBPKG:fixes/getopt-long-1 - https://bugs.debian.org/855532 [rt.cpan.org #114999] Fix bug RT#114999
	DEBPKG:fixes/getopt-long-2 - [rt.cpan.org #120300] Withdraw part of commit 5d9947fb445327c7299d8beb009d609bc70066c0, which tries to implement more GNU getopt_long campatibility. GNU
	DEBPKG:fixes/getopt-long-3 - provide a default value for optional arguments
	DEBPKG:fixes/getopt-long-4 - https://bugs.debian.org/864544 [rt.cpan.org #122068] Fix issue #122068.
	DEBPKG:fixes/fbm-instr-crash - [bb152a4] [perl #131575] https://bugs.debian.org/864782 don't call Perl_fbm_instr() with negative length
	DEBPKG:debian/CVE-2016-1238/base-pm-amends-pt2 - [1afa289] Limit dotless-INC effect on base.pm with guard:
	DEBPKG:fixes/CVE-2017-12837 - https://bugs.debian.org/875596 [perl #131582] [f7e5417] regcomp [perl #131582]
	DEBPKG:fixes/CVE-2017-12883 - https://bugs.debian.org/875597 [perl #131598] [40b3cda] PATCH: [perl #131598]
	DEBPKG:fixes/CVE-2018-6797 - [perl #132227] (perl #132227) restart a node if we change to uni rules within the node and encounter a sharp S
	DEBPKG:fixes/CVE-2018-6798/pt1 - [perl #132063] Heap buffer overflow
	DEBPKG:fixes/CVE-2018-6798/pt2 - [perl #132063] v5.24.3: fix TRIE_READ_CHAR and DECL_TRIE_TYPE to account for non-utf8 target
	DEBPKG:fixes/CVE-2018-6798/pt3 - [perl #132063] (perl #132063) we should no longer warn for this code
	DEBPKG:fixes/CVE-2018-6913 - [perl #131844] (perl #131844) fix various space calculation issues in pp_pack.c
	DEBPKG:fixes/CVE-2018-12015-Archive-Tar-directory-traversal - https://bugs.debian.org/900834 [rt.cpan.org #125523] Remove existing files before overwriting them
	DEBPKG:fixes/CVE-2018-18311 - Perl_my_setenv(); handle integer wrap
	DEBPKG:fixes/CVE-2018-18312 - for 5.26 maint
	DEBPKG:fixes/CVE-2018-18313 - regcomp.c: Convert some strchr to memchr
	DEBPKG:fixes/CVE-2018-18314 - fix #131649 - extended charclass can trigger assert
	DEBPKG:fixes/time-local-2020 - https://bugs.debian.org/915209 [rt.cpan.org #124787] Fix Time::Local tests
	DEBPKG:fixes/CVE-2020-10543 - https://bugs.debian.org/962005 regcomp.c: Prevent integer overflow from nested regex quantifiers.
	DEBPKG:fixes/CVE-2020-10878 - https://bugs.debian.org/962005 study_chunk: extract rck_elide_nothing
	DEBPKG:fixes/CVE-2020-12723 - https://bugs.debian.org/962005 study_chunk: avoid mutating regexp program within GOSUB
	DEBPKG:fixes/io-socket-ip-nov4 - https://bugs.debian.org/962019 Fix test failures in IO::Socket::IP with an IPv6-only host
  Built under linux
  Compiled at Jun 20 2020 17:33:46
  %ENV:
    PERL5LIB="/home/cpansand/.local/share/.cpan/build/2020100712/IPC-System-Options-0.338-OZpDTl/blib/arch:/home/cpansand/.local/share/.cpan/build/2020100712/IPC-System-Options-0.338-OZpDTl/blib/lib:/home/cpansand/.local/share/.cpan/build/2020100712/Test-Exception-0.43-NKiTol/blib/arch:/home/cpansand/.local/share/.cpan/build/2020100712/Test-Exception-0.43-NKiTol/blib/lib:/home/cpansand/.local/share/.cpan/build/2020100712/Sub-Uplevel-0.2800-0L0BFX/blib/arch:/home/cpansand/.local/share/.cpan/build/2020100712/Sub-Uplevel-0.2800-0L0BFX/blib/lib:/home/cpansand/.local/share/.cpan/build/2020100712/File-Temp-0.2311-iCjq1q/blib/arch:/home/cpansand/.local/share/.cpan/build/2020100712/File-Temp-0.2311-iCjq1q/blib/lib:/home/cpansand/.local/share/.cpan/build/2020100712/Proc-ChildError-0.04-FKJoer/blib/arch:/home/cpansand/.local/share/.cpan/build/2020100712/Proc-ChildError-0.04-FKJoer/blib/lib"
    PERL5OPT=""
    PERL5_CPANPLUS_IS_RUNNING="2698"
    PERL5_CPAN_IS_RUNNING="2698"
    PERL5_CPAN_IS_RUNNING_IN_RECURSION="28293,2698"
    PERLDOC="-MPod::Perldoc::ToTextOverstrike"
    PERL_BATCH="yes"
    PERL_CANARY_STABILITY_NOPROMPT="1"
    PERL_CPAN_REPORTER_CONFIG="/var/tmp/cpansmoker-1023/2020100711/cpanreporter_000_config.ini"
    PERL_EXTUTILS_AUTOINSTALL="--defaultdeps"
    PERL_USE_UNSAFE_INC="1"
  @INC:
    /home/cpansand/.local/share/.cpan/build/2020100712/IPC-System-Options-0.338-OZpDTl/blib/arch
    /home/cpansand/.local/share/.cpan/build/2020100712/IPC-System-Options-0.338-OZpDTl/blib/lib
    /home/cpansand/.local/share/.cpan/build/2020100712/Test-Exception-0.43-NKiTol/blib/arch
    /home/cpansand/.local/share/.cpan/build/2020100712/Test-Exception-0.43-NKiTol/blib/lib
    /home/cpansand/.local/share/.cpan/build/2020100712/Sub-Uplevel-0.2800-0L0BFX/blib/arch
    /home/cpansand/.local/share/.cpan/build/2020100712/Sub-Uplevel-0.2800-0L0BFX/blib/lib
    /home/cpansand/.local/share/.cpan/build/2020100712/File-Temp-0.2311-iCjq1q/blib/arch
    /home/cpansand/.local/share/.cpan/build/2020100712/File-Temp-0.2311-iCjq1q/blib/lib
    /home/cpansand/.local/share/.cpan/build/2020100712/Proc-ChildError-0.04-FKJoer/blib/arch
    /home/cpansand/.local/share/.cpan/build/2020100712/Proc-ChildError-0.04-FKJoer/blib/lib
    /etc/perl
    /usr/local/lib/x86_64-linux-gnu/perl/5.24.1
    /usr/local/share/perl/5.24.1
    /usr/lib/x86_64-linux-gnu/perl5/5.24
    /usr/share/perl5
    /usr/lib/x86_64-linux-gnu/perl/5.24
    /usr/share/perl/5.24
    /usr/local/lib/site_perl
    /usr/lib/x86_64-linux-gnu/perl-base
    .
</pre>

        </main>

        <footer>
            <p>
            CPAN::Testers::Web v0.001 is powered by <a href="http://mojolicious.org">Mojolicious</a><br />
            All data and statistics are copyright Â© 1999-2018 CPAN Testers, and available under the <a href="https://opensource.org/licenses/Artistic-2.0">Artistic License 2.0</a>. Comments and design patches to admin@cpantesters.org.
            </p>

            <p>
            The CPAN Testers Family: <br />
              <a href="http://blog.cpantesters.org"     title="CPAN Testers Blog"       >Blog</a>         â€¢
              <a href="http://www.cpantesters.org"      title="CPAN Testers Reports"    >Reports</a>      â€¢
              <a href="http://wiki.cpantesters.org"     title="CPAN Testers Wiki"       >Wiki</a>         â€¢
              <a href="http://stats.cpantesters.org"    title="CPAN Testers Statistics" >Statistics</a>   â€¢
              <a href="http://pass.cpantesters.org"     title="CPAN Testers PASS Matrix">PASS Matrix</a>  â€¢
              <a href="http://prefs.cpantesters.org"    title="CPAN Testers Preferences">Preferences</a>  â€¢
              <a href="http://metabase.cpantesters.org" title="CPAN Testers Metabase"   >Metabase</a>     â€¢
              <a href="http://devel.cpantesters.org"    title="CPAN Testers Development">Development</a>  â€¢
              <a href="http://deps.cpantesters.org"     title="CPAN Dependencies"       >Dependencies</a> â€¢
              <a href="http://matrix.cpantesters.org"   title="CPAN Testers Matrix"     >Matrix</a>       â€¢
              <a href="http://analysis.cpantesters.org" title="CPAN Testers Analysis"   >Analysis</a>     â€¢
              <a href="http://admin.cpantesters.org"    title="CPAN Testers Admin"      >Admin</a>
            </p>
            <p>
            CPAN Testers, supporting the Perl programming language since 1999.
            </p>
        </footer>

    </body>
</html>
